build/app/intermediates/manifest_merge_blame_file/release/manifest-merger-blame-release-report.txt
1<?xml version="1.0" encoding="utf-8"?>
2<manifest xmlns:android="http://schemas.android.com/apk/res/android"
3    package="com.example.podcast_app"
4    android:versionCode="1"
5    android:versionName="1.0.0" >
6
7    <uses-sdk
8        android:minSdkVersion="19"
8-->src/main/AndroidManifest.xml
9        android:targetSdkVersion="29" />
9-->src/main/AndroidManifest.xml
10    <!--
11         io.flutter.app.FlutterApplication is an android.app.Application that
12         calls FlutterMain.startInitialization(this); in its onCreate method.
13         In most cases you can leave this as-is, but you if you want to provide
14         additional functionality it is fine to subclass or reimplement
15         FlutterApplication and put your custom class here.
16    -->
17    <uses-permission android:name="android.permission.WAKE_LOCK" />
17-->src/main/AndroidManifest.xml:8:4-66
17-->src/main/AndroidManifest.xml:8:21-64
18    <uses-permission android:name="android.permission.FOREGROUND_SERVICE" />
18-->src/main/AndroidManifest.xml:9:4-75
18-->src/main/AndroidManifest.xml:9:21-73
19    <uses-permission android:name="android.permission.INTERNET" />
19-->src/main/AndroidManifest.xml:10:4-65
19-->src/main/AndroidManifest.xml:10:21-63
20    <!-- Although the *SdkVersion is captured in gradle build files, this is required for non gradle builds -->
21    <!-- <uses-sdk android:minSdkVersion="14" /> -->
22    <uses-permission android:name="android.permission.ACCESS_NETWORK_STATE" />
22-->[com.google.firebase:firebase-firestore:24.0.0] AndroidManifest.xml:13:5-79
22-->[com.google.firebase:firebase-firestore:24.0.0] AndroidManifest.xml:13:22-76
23
24    <queries>
24-->[androidx.media2:media2-session:1.1.3] AndroidManifest.xml:24:5-34:15
25        <intent>
25-->[androidx.media2:media2-session:1.1.3] AndroidManifest.xml:25:9-27:18
26            <action android:name="android.media.browse.MediaBrowserService" />
26-->src/main/AndroidManifest.xml:47:5-71
26-->src/main/AndroidManifest.xml:47:13-68
27        </intent>
28        <intent>
28-->[androidx.media2:media2-session:1.1.3] AndroidManifest.xml:25:9-27:18
29            <action android:name="androidx.media2.session.MediaSessionService" />
30        </intent>
31        <intent>
31-->[androidx.media2:media2-session:1.1.3] AndroidManifest.xml:25:9-27:18
32            <action android:name="androidx.media2.session.MediaLibraryService" />
33        </intent>
34    </queries>
35
36    <application
36-->src/main/AndroidManifest.xml:11:5-60:19
37        android:name="io.flutter.app.FlutterApplication"
37-->src/main/AndroidManifest.xml:12:9-57
38        android:appComponentFactory="androidx.core.app.CoreComponentFactory"
38-->[androidx.core:core:1.6.0] AndroidManifest.xml:24:18-86
39        android:icon="@mipmap/ic_launcher"
39-->src/main/AndroidManifest.xml:14:9-43
40        android:label="podcast_app" >
40-->src/main/AndroidManifest.xml:13:9-36
41        <activity
41-->src/main/AndroidManifest.xml:15:9-43:20
42            android:name="com.ryanheise.audioservice.AudioServiceActivity"
42-->src/main/AndroidManifest.xml:16:13-75
43            android:configChanges="orientation|keyboardHidden|keyboard|screenSize|smallestScreenSize|locale|layoutDirection|fontScale|screenLayout|density|uiMode"
43-->src/main/AndroidManifest.xml:19:13-163
44            android:hardwareAccelerated="true"
44-->src/main/AndroidManifest.xml:20:13-47
45            android:launchMode="singleTop"
45-->src/main/AndroidManifest.xml:17:13-43
46            android:theme="@style/LaunchTheme"
46-->src/main/AndroidManifest.xml:18:13-47
47            android:windowSoftInputMode="adjustResize" >
47-->src/main/AndroidManifest.xml:21:13-55
48
49            <!--
50                 Specifies an Android theme to apply to this Activity as soon as
51                 the Android process has started. This theme is visible to the user
52                 while the Flutter UI initializes. After that, this theme continues
53                 to determine the Window background behind the Flutter UI.
54            -->
55            <meta-data
55-->src/main/AndroidManifest.xml:26:13-29:17
56                android:name="io.flutter.embedding.android.NormalTheme"
56-->src/main/AndroidManifest.xml:27:15-70
57                android:resource="@style/NormalTheme" />
57-->src/main/AndroidManifest.xml:28:15-52
58            <!--
59                 Displays an Android View that continues showing the launch screen
60                 Drawable until Flutter paints its first frame, then this splash
61                 screen fades out. A splash screen is useful to avoid any visual
62                 gap between the end of Android's launch screen and the painting of
63                 Flutter's first frame.
64            -->
65            <meta-data
65-->src/main/AndroidManifest.xml:35:13-38:17
66                android:name="io.flutter.embedding.android.SplashScreenDrawable"
66-->src/main/AndroidManifest.xml:36:15-79
67                android:resource="@drawable/launch_background" />
67-->src/main/AndroidManifest.xml:37:15-61
68
69            <intent-filter>
69-->src/main/AndroidManifest.xml:39:13-42:29
70                <action android:name="android.intent.action.MAIN" />
70-->src/main/AndroidManifest.xml:40:17-68
70-->src/main/AndroidManifest.xml:40:25-66
71
72                <category android:name="android.intent.category.LAUNCHER" />
72-->src/main/AndroidManifest.xml:41:17-76
72-->src/main/AndroidManifest.xml:41:27-74
73            </intent-filter>
74        </activity>
75
76        <service android:name="com.ryanheise.audioservice.AudioService" >
76-->src/main/AndroidManifest.xml:45:9-49:11
76-->src/main/AndroidManifest.xml:45:18-72
77            <intent-filter>
77-->src/main/AndroidManifest.xml:46:3-48:19
78                <action android:name="android.media.browse.MediaBrowserService" />
78-->src/main/AndroidManifest.xml:47:5-71
78-->src/main/AndroidManifest.xml:47:13-68
79            </intent-filter>
80        </service>
81
82        <receiver android:name="com.ryanheise.audioservice.MediaButtonReceiver" >
82-->src/main/AndroidManifest.xml:50:1-54:12
82-->src/main/AndroidManifest.xml:50:11-72
83            <intent-filter>
83-->src/main/AndroidManifest.xml:51:3-53:19
84                <action android:name="android.intent.action.MEDIA_BUTTON" />
84-->src/main/AndroidManifest.xml:52:5-65
84-->src/main/AndroidManifest.xml:52:13-62
85            </intent-filter>
86        </receiver>
87        <!--
88             Don't delete the meta-data below.
89             This is used by the Flutter tool to generate GeneratedPluginRegistrant.java
90        -->
91        <meta-data
91-->src/main/AndroidManifest.xml:57:9-59:33
92            android:name="flutterEmbedding"
92-->src/main/AndroidManifest.xml:58:13-44
93            android:value="2" />
93-->src/main/AndroidManifest.xml:59:13-30
94
95        <service
95-->[:cloud_firestore] AndroidManifest.xml:8:9-12:19
96            android:name="com.google.firebase.components.ComponentDiscoveryService"
96-->[:cloud_firestore] AndroidManifest.xml:8:18-89
97            android:directBootAware="true"
97-->[com.google.firebase:firebase-common:20.0.0] AndroidManifest.xml:35:13-43
98            android:exported="false" >
98-->[com.google.firebase:firebase-firestore:24.0.0] AndroidManifest.xml:19:13-37
99            <meta-data
99-->[:cloud_firestore] AndroidManifest.xml:9:13-11:85
100                android:name="com.google.firebase.components:io.flutter.plugins.firebase.firestore.FlutterFirebaseFirestoreRegistrar"
100-->[:cloud_firestore] AndroidManifest.xml:10:17-134
101                android:value="com.google.firebase.components.ComponentRegistrar" />
101-->[:cloud_firestore] AndroidManifest.xml:11:17-82
102            <meta-data
102-->[:firebase_core] AndroidManifest.xml:9:13-11:85
103                android:name="com.google.firebase.components:io.flutter.plugins.firebase.core.FlutterFirebaseCoreRegistrar"
103-->[:firebase_core] AndroidManifest.xml:10:17-124
104                android:value="com.google.firebase.components.ComponentRegistrar" />
104-->[:firebase_core] AndroidManifest.xml:11:17-82
105            <meta-data
105-->[com.google.firebase:firebase-firestore:24.0.0] AndroidManifest.xml:20:13-22:85
106                android:name="com.google.firebase.components:com.google.firebase.firestore.FirestoreRegistrar"
106-->[com.google.firebase:firebase-firestore:24.0.0] AndroidManifest.xml:21:17-111
107                android:value="com.google.firebase.components.ComponentRegistrar" />
107-->[com.google.firebase:firebase-firestore:24.0.0] AndroidManifest.xml:22:17-82
108        </service>
109
110        <provider
110-->[com.google.firebase:firebase-common:20.0.0] AndroidManifest.xml:26:9-31:39
111            android:name="com.google.firebase.provider.FirebaseInitProvider"
111-->[com.google.firebase:firebase-common:20.0.0] AndroidManifest.xml:27:13-77
112            android:authorities="com.example.podcast_app.firebaseinitprovider"
112-->[com.google.firebase:firebase-common:20.0.0] AndroidManifest.xml:28:13-72
113            android:directBootAware="true"
113-->[com.google.firebase:firebase-common:20.0.0] AndroidManifest.xml:29:13-43
114            android:exported="false"
114-->[com.google.firebase:firebase-common:20.0.0] AndroidManifest.xml:30:13-37
115            android:initOrder="100" />
115-->[com.google.firebase:firebase-common:20.0.0] AndroidManifest.xml:31:13-36
116
117        <activity
117-->[com.google.android.gms:play-services-base:17.1.0] AndroidManifest.xml:23:9-26:75
118            android:name="com.google.android.gms.common.api.GoogleApiActivity"
118-->[com.google.android.gms:play-services-base:17.1.0] AndroidManifest.xml:24:13-79
119            android:exported="false"
119-->[com.google.android.gms:play-services-base:17.1.0] AndroidManifest.xml:25:13-37
120            android:theme="@android:style/Theme.Translucent.NoTitleBar" />
120-->[com.google.android.gms:play-services-base:17.1.0] AndroidManifest.xml:26:13-72
121
122        <meta-data
122-->[com.google.android.gms:play-services-basement:17.0.0] AndroidManifest.xml:23:9-25:69
123            android:name="com.google.android.gms.version"
123-->[com.google.android.gms:play-services-basement:17.0.0] AndroidManifest.xml:24:13-58
124            android:value="@integer/google_play_services_version" />
124-->[com.google.android.gms:play-services-basement:17.0.0] AndroidManifest.xml:25:13-66
125    </application>
126
127</manifest>